
==================================================
--- 20251106 報告抓取結果摘要 ---
==================================================
<<<<<<< HEAD

[🟢 MI_INDEX (成功)] 數據筆數: 315

[🟢 BWIBBU_d (成功)] 數據筆數: 1055

[🟢 MI_INDEX20 (成功)] 數據筆數: 24

[🟢 TWTASU (成功)] 數據筆數: 1273

[🟢 BFIAMU (成功)] 數據筆數: 36

[🟢 FMTQIK (成功)] 數據筆數: 7

[🟢 BFI82U (成功)] 數據筆數: 14

[🟢 TWT43U (成功)] 數據筆數: 15441

[🟢 TWT44U (成功)] 數據筆數: 260

[🟢 T86 (成功)] 數據筆數: 15589

==================================================
總結：成功 10 個報告, 失敗 0 個報告。
=======
[🔴 MI_INDEX (失敗)] 無數據或抓取錯誤。
[🔴 BWIBBU_d (失敗)] 無數據或抓取錯誤。
[🔴 MI_INDEX20 (失敗)] 無數據或抓取錯誤。
[🔴 TWTASU (失敗)] 無數據或抓取錯誤。
[🔴 BFIAMU (失敗)] 無數據或抓取錯誤。

[🟢 FMTQIK (成功)] 數據筆數: 6
[🔴 BFI82U (失敗)] 無數據或抓取錯誤。
[🔴 TWT43U (失敗)] 無數據或抓取錯誤。
[🔴 TWT44U (失敗)] 無數據或抓取錯誤。
[🔴 T86 (失敗)] 無數據或抓取錯誤。

==================================================
總結：成功 1 個報告, 失敗 9 個報告。
>>>>>>> c5a985f94128aa6b88adf19b581c5dd0c4b15156
所有成功抓取的 CSV 檔案已儲存至對應的 'datas/raw' 子資料夾中。
--- 日誌記錄結束 ---
