
==================================================
--- 20251112 報告抓取結果摘要 ---
==================================================

[🟢 MI_INDEX (成功)] 數據筆數: 315

[🟢 BWIBBU_d (成功)] 數據筆數: 1055

[🟢 MI_INDEX20 (成功)] 數據筆數: 24

[🟢 TWTASU (成功)] 數據筆數: 1273

[🟢 BFIAMU (成功)] 數據筆數: 36

<<<<<<< HEAD
[🟢 FMTQIK (成功)] 數據筆數: 12
=======
[🟢 FMTQIK (成功)] 數據筆數: 11
>>>>>>> 8ebdbf611d92b4bbefce70b801b6ec4889d71481

[🟢 BFI82U (成功)] 數據筆數: 14

[🟢 TWT43U (成功)] 數據筆數: 15050

[🟢 TWT44U (成功)] 數據筆數: 248

[🟢 T86 (成功)] 數據筆數: 15291

==================================================
總結：成功 10 個報告, 失敗 0 個報告。
所有成功抓取的 CSV 檔案已儲存至對應的 'datas/raw' 子資料夾中。
--- 日誌記錄結束 ---
