
==================================================
--- 20251020 報告抓取結果摘要 ---
==================================================

[🟢 MI_INDEX (成功)] 數據筆數: 315

[🟢 BWIBBU_d (成功)] 數據筆數: 1054

[🟢 MI_INDEX20 (成功)] 數據筆數: 24

[🟢 TWTASU (成功)] 數據筆數: 1271

[🟢 BFIAMU (成功)] 數據筆數: 36

[🟢 FMTQIK (成功)] 數據筆數: 23

[🟢 BFI82U (成功)] 數據筆數: 14

[🟢 TWT43U (成功)] 數據筆數: 15748

[🟢 TWT44U (成功)] 數據筆數: 253

[🟢 T86 (成功)] 數據筆數: 15857

[🟢 MI_INDEX (成功)] 數據筆數: 315

[🟢 BWIBBU_d (成功)] 數據筆數: 1054

[🟢 MI_INDEX20 (成功)] 數據筆數: 24

[🟢 TWTASU (成功)] 數據筆數: 1271

[🟢 BFIAMU (成功)] 數據筆數: 36

[🟢 FMTQIK (成功)] 數據筆數: 23

[🟢 BFI82U (成功)] 數據筆數: 14

[🟢 TWT43U (成功)] 數據筆數: 15680

[🟢 TWT44U (成功)] 數據筆數: 284

[🟢 T86 (成功)] 數據筆數: 15948

[🟢 MI_INDEX (成功)] 數據筆數: 315

[🟢 BWIBBU_d (成功)] 數據筆數: 1054

[🟢 MI_INDEX20 (成功)] 數據筆數: 24

[🟢 TWTASU (成功)] 數據筆數: 1271

[🟢 BFIAMU (成功)] 數據筆數: 36

[🟢 FMTQIK (成功)] 數據筆數: 23

[🟢 BFI82U (成功)] 數據筆數: 14

[🟢 TWT43U (成功)] 數據筆數: 15447

[🟢 TWT44U (成功)] 數據筆數: 248

[🟢 T86 (成功)] 數據筆數: 8026

[🟢 MI_INDEX (成功)] 數據筆數: 315

[🟢 BWIBBU_d (成功)] 數據筆數: 1054

[🟢 MI_INDEX20 (成功)] 數據筆數: 24

[🟢 TWTASU (成功)] 數據筆數: 1028

[🟢 BFIAMU (成功)] 數據筆數: 36

[🟢 FMTQIK (成功)] 數據筆數: 23

[🟢 BFI82U (成功)] 數據筆數: 14

[🟢 TWT43U (成功)] 數據筆數: 14695

[🟢 TWT44U (成功)] 數據筆數: 269

[🟢 T86 (成功)] 數據筆數: 14905

[🟢 MI_INDEX (成功)] 數據筆數: 315

[🟢 BWIBBU_d (成功)] 數據筆數: 1053

[🟢 MI_INDEX20 (成功)] 數據筆數: 24

[🟢 TWTASU (成功)] 數據筆數: 1270

[🟢 BFIAMU (成功)] 數據筆數: 36

[🟢 FMTQIK (成功)] 數據筆數: 23

[🟢 BFI82U (成功)] 數據筆數: 14

[🟢 TWT43U (成功)] 數據筆數: 15236

[🟢 TWT44U (成功)] 數據筆數: 356

[🟢 T86 (成功)] 數據筆數: 15264

[🟢 MI_INDEX (成功)] 數據筆數: 315

[🟢 BWIBBU_d (成功)] 數據筆數: 1053

[🟢 MI_INDEX20 (成功)] 數據筆數: 24

[🟢 TWTASU (成功)] 數據筆數: 1270

[🟢 BFIAMU (成功)] 數據筆數: 36

[🟢 FMTQIK (成功)] 數據筆數: 23

[🟢 BFI82U (成功)] 數據筆數: 14

[🟢 TWT43U (成功)] 數據筆數: 13991

[🟢 TWT44U (成功)] 數據筆數: 274

[🟢 T86 (成功)] 數據筆數: 14334

[🟢 MI_INDEX (成功)] 數據筆數: 315

[🟢 BWIBBU_d (成功)] 數據筆數: 1053

[🟢 MI_INDEX20 (成功)] 數據筆數: 24

[🟢 TWTASU (成功)] 數據筆數: 1270

[🟢 BFIAMU (成功)] 數據筆數: 36

[🟢 FMTQIK (成功)] 數據筆數: 23

[🟢 BFI82U (成功)] 數據筆數: 14

[🟢 TWT43U (成功)] 數據筆數: 15161

[🟢 TWT44U (成功)] 數據筆數: 301

[🟢 T86 (成功)] 數據筆數: 15305

[🟢 MI_INDEX (成功)] 數據筆數: 315

[🟢 BWIBBU_d (成功)] 數據筆數: 1054

[🟢 MI_INDEX20 (成功)] 數據筆數: 24

[🟢 TWTASU (成功)] 數據筆數: 1268

[🟢 BFIAMU (成功)] 數據筆數: 36

[🟢 FMTQIK (成功)] 數據筆數: 23

[🟢 BFI82U (成功)] 數據筆數: 14

[🟢 TWT43U (成功)] 數據筆數: 15315

[🟢 TWT44U (成功)] 數據筆數: 324

[🟢 T86 (成功)] 數據筆數: 15609

[🟢 MI_INDEX (成功)] 數據筆數: 315

[🟢 BWIBBU_d (成功)] 數據筆數: 1054

[🟢 MI_INDEX20 (成功)] 數據筆數: 24

[🟢 TWTASU (成功)] 數據筆數: 1268

[🟢 BFIAMU (成功)] 數據筆數: 36

[🟢 FMTQIK (成功)] 數據筆數: 23

[🟢 BFI82U (成功)] 數據筆數: 14

[🟢 TWT43U (成功)] 數據筆數: 14708

[🟢 TWT44U (成功)] 數據筆數: 351

[🟢 T86 (成功)] 數據筆數: 14916

==================================================
總結：成功 90 個報告, 失敗 0 個報告。
所有成功抓取的 CSV 檔案已儲存至對應的 'datas/raw' 子資料夾中。
--- 日誌記錄結束 ---
