
==================================================
--- 20251105 報告抓取結果摘要 ---
==================================================

[🟢 MI_INDEX (成功)] 數據筆數: 315

[🟢 BWIBBU_d (成功)] 數據筆數: 1056

[🟢 MI_INDEX20 (成功)] 數據筆數: 24
<<<<<<< HEAD

[🟢 TWTASU (成功)] 數據筆數: 1274
=======
[🔴 TWTASU (失敗)] 無數據或抓取錯誤。
>>>>>>> b61e3582d6fcb1b83030dd51276a6033cc9969f0

[🟢 BFIAMU (成功)] 數據筆數: 36

[🟢 FMTQIK (成功)] 數據筆數: 6

<<<<<<< HEAD
[🟢 BFI82U (成功)] 數據筆數: 14

[🟢 TWT43U (成功)] 數據筆數: 15931

[🟢 TWT44U (成功)] 數據筆數: 252

[🟢 T86 (成功)] 數據筆數: 16053

==================================================
總結：成功 10 個報告, 失敗 0 個報告。
=======
[🟢 BFI82U (成功)] 數據筆數: 15

[🟢 TWT43U (成功)] 數據筆數: 15931

[🟢 TWT44U (成功)] 數據筆數: 250

[🟢 T86 (成功)] 數據筆數: 16050

==================================================
總結：成功 9 個報告, 失敗 1 個報告。
>>>>>>> b61e3582d6fcb1b83030dd51276a6033cc9969f0
所有成功抓取的 CSV 檔案已儲存至對應的 'datas/raw' 子資料夾中。
--- 日誌記錄結束 ---
